2021-05-25 22:39:37,499 INFO org.springframework.boot.StartupInfoLogger [main] Starting LibraryApplication using Java 1.8.0_282 on eve-VirtualBox with PID 2447 (/home/eve/Documents/workspace-spring-tool-suite-4-4.10.0.RELEASE/library/build/classes/java/main started by eve in /home/eve/Documents/workspace-spring-tool-suite-4-4.10.0.RELEASE/library)
2021-05-25 22:39:37,503 INFO org.springframework.boot.SpringApplication [main] No active profile set, falling back to default profiles: default
2021-05-25 22:39:38,523 INFO org.springframework.data.repository.config.RepositoryConfigurationDelegate [main] Bootstrapping Spring Data JPA repositories in DEFAULT mode.
2021-05-25 22:39:38,598 INFO org.springframework.data.repository.config.RepositoryConfigurationDelegate [main] Finished Spring Data repository scanning in 62 ms. Found 3 JPA repository interfaces.
2021-05-25 22:39:39,646 INFO org.springframework.boot.web.embedded.tomcat.TomcatWebServer [main] Tomcat initialized with port(s): 8080 (http)
2021-05-25 22:39:39,654 INFO org.apache.juli.logging.DirectJDKLog [main] Initializing ProtocolHandler ["http-nio-8080"]
2021-05-25 22:39:39,655 INFO org.apache.juli.logging.DirectJDKLog [main] Starting service [Tomcat]
2021-05-25 22:39:39,659 INFO org.apache.juli.logging.DirectJDKLog [main] Starting Servlet engine: [Apache Tomcat/9.0.44]
2021-05-25 22:39:39,754 INFO org.apache.juli.logging.DirectJDKLog [main] Initializing Spring embedded WebApplicationContext
2021-05-25 22:39:39,756 INFO org.springframework.boot.web.servlet.context.ServletWebServerApplicationContext [main] Root WebApplicationContext: initialization completed in 2137 ms
2021-05-25 22:39:40,190 INFO org.hibernate.jpa.internal.util.LogHelper [main] HHH000204: Processing PersistenceUnitInfo [name: default]
2021-05-25 22:39:40,242 INFO org.hibernate.Version [main] HHH000412: Hibernate ORM core version 5.4.29.Final
2021-05-25 22:39:40,426 INFO org.hibernate.annotations.common.reflection.java.JavaReflectionManager [main] HCANN000001: Hibernate Commons Annotations {5.1.2.Final}
2021-05-25 22:39:40,566 INFO com.zaxxer.hikari.HikariDataSource [main] HikariPool-1 - Starting...
2021-05-25 22:39:41,225 INFO com.zaxxer.hikari.HikariDataSource [main] HikariPool-1 - Start completed.
2021-05-25 22:39:41,255 INFO org.hibernate.dialect.Dialect [main] HHH000400: Using dialect: org.hibernate.dialect.MySQL8Dialect
2021-05-25 22:39:42,272 INFO org.hibernate.engine.transaction.jta.platform.internal.JtaPlatformInitiator [main] HHH000490: Using JtaPlatform implementation: [org.hibernate.engine.transaction.jta.platform.internal.NoJtaPlatform]
2021-05-25 22:39:42,279 INFO org.springframework.orm.jpa.AbstractEntityManagerFactoryBean [main] Initialized JPA EntityManagerFactory for persistence unit 'default'
2021-05-25 22:39:44,200 WARN org.springframework.boot.autoconfigure.orm.jpa.JpaBaseConfiguration$JpaWebConfiguration [main] spring.jpa.open-in-view is enabled by default. Therefore, database queries may be performed during view rendering. Explicitly configure spring.jpa.open-in-view to disable this warning
2021-05-25 22:39:44,727 INFO org.springframework.scheduling.concurrent.ExecutorConfigurationSupport [main] Initializing ExecutorService 'applicationTaskExecutor'
2021-05-25 22:39:45,518 INFO org.springframework.boot.autoconfigure.security.servlet.UserDetailsServiceAutoConfiguration [main] 

Using generated security password: 1612e0d5-7471-4502-873a-f14370445ec8

2021-05-25 22:39:45,709 INFO org.springframework.security.web.DefaultSecurityFilterChain [main] Will secure any request with [org.springframework.security.web.context.request.async.WebAsyncManagerIntegrationFilter@29699283, org.springframework.security.web.context.SecurityContextPersistenceFilter@1f1fbc9f, org.springframework.security.web.header.HeaderWriterFilter@3c3ab672, org.springframework.security.web.csrf.CsrfFilter@2e0652ab, org.springframework.security.web.authentication.logout.LogoutFilter@8d810f2, org.springframework.security.web.authentication.UsernamePasswordAuthenticationFilter@31533eb1, org.springframework.security.web.authentication.ui.DefaultLoginPageGeneratingFilter@15d58530, org.springframework.security.web.authentication.ui.DefaultLogoutPageGeneratingFilter@5d32c1c7, org.springframework.security.web.authentication.www.BasicAuthenticationFilter@73a49597, org.springframework.security.web.savedrequest.RequestCacheAwareFilter@839755f, org.springframework.security.web.servletapi.SecurityContextHolderAwareRequestFilter@3cad24ae, org.springframework.security.web.authentication.AnonymousAuthenticationFilter@a6dffdb, org.springframework.security.web.session.SessionManagementFilter@3d764641, org.springframework.security.web.access.ExceptionTranslationFilter@1c8e8fed, org.springframework.security.web.access.intercept.FilterSecurityInterceptor@51508029]
2021-05-25 22:39:45,807 INFO org.apache.juli.logging.DirectJDKLog [main] Starting ProtocolHandler ["http-nio-8080"]
2021-05-25 22:39:45,840 INFO org.springframework.boot.web.embedded.tomcat.TomcatWebServer [main] Tomcat started on port(s): 8080 (http) with context path ''
2021-05-25 22:39:45,859 INFO org.springframework.boot.StartupInfoLogger [main] Started LibraryApplication in 9.059 seconds (JVM running for 9.75)
2021-05-25 23:11:07,921 INFO org.springframework.boot.StartupInfoLogger [main] Starting LibraryApplication using Java 1.8.0_282 on eve-VirtualBox with PID 4778 (/home/eve/Documents/workspace-spring-tool-suite-4-4.10.0.RELEASE/library/build/classes/java/main started by eve in /home/eve/Documents/workspace-spring-tool-suite-4-4.10.0.RELEASE/library)
2021-05-25 23:11:07,923 INFO org.springframework.boot.SpringApplication [main] No active profile set, falling back to default profiles: default
2021-05-25 23:11:09,128 INFO org.springframework.data.repository.config.RepositoryConfigurationDelegate [main] Bootstrapping Spring Data JPA repositories in DEFAULT mode.
2021-05-25 23:11:09,289 INFO org.springframework.data.repository.config.RepositoryConfigurationDelegate [main] Finished Spring Data repository scanning in 143 ms. Found 3 JPA repository interfaces.
2021-05-25 23:11:10,800 INFO org.springframework.boot.web.embedded.tomcat.TomcatWebServer [main] Tomcat initialized with port(s): 8080 (http)
2021-05-25 23:11:10,829 INFO org.apache.juli.logging.DirectJDKLog [main] Initializing ProtocolHandler ["http-nio-8080"]
2021-05-25 23:11:10,830 INFO org.apache.juli.logging.DirectJDKLog [main] Starting service [Tomcat]
2021-05-25 23:11:10,841 INFO org.apache.juli.logging.DirectJDKLog [main] Starting Servlet engine: [Apache Tomcat/9.0.44]
2021-05-25 23:11:11,055 INFO org.apache.juli.logging.DirectJDKLog [main] Initializing Spring embedded WebApplicationContext
2021-05-25 23:11:11,059 INFO org.springframework.boot.web.servlet.context.ServletWebServerApplicationContext [main] Root WebApplicationContext: initialization completed in 3063 ms
2021-05-25 23:11:11,705 INFO org.hibernate.jpa.internal.util.LogHelper [main] HHH000204: Processing PersistenceUnitInfo [name: default]
2021-05-25 23:11:11,775 INFO org.hibernate.Version [main] HHH000412: Hibernate ORM core version 5.4.29.Final
2021-05-25 23:11:12,052 INFO org.hibernate.annotations.common.reflection.java.JavaReflectionManager [main] HCANN000001: Hibernate Commons Annotations {5.1.2.Final}
2021-05-25 23:11:12,210 INFO com.zaxxer.hikari.HikariDataSource [main] HikariPool-1 - Starting...
2021-05-25 23:11:13,261 INFO com.zaxxer.hikari.HikariDataSource [main] HikariPool-1 - Start completed.
2021-05-25 23:11:13,305 INFO org.hibernate.dialect.Dialect [main] HHH000400: Using dialect: org.hibernate.dialect.MySQL8Dialect
2021-05-25 23:11:17,538 INFO org.hibernate.engine.transaction.jta.platform.internal.JtaPlatformInitiator [main] HHH000490: Using JtaPlatform implementation: [org.hibernate.engine.transaction.jta.platform.internal.NoJtaPlatform]
2021-05-25 23:11:17,600 INFO org.springframework.orm.jpa.AbstractEntityManagerFactoryBean [main] Initialized JPA EntityManagerFactory for persistence unit 'default'
2021-05-25 23:11:17,825 WARN org.springframework.boot.autoconfigure.orm.jpa.JpaBaseConfiguration$JpaWebConfiguration [main] spring.jpa.open-in-view is enabled by default. Therefore, database queries may be performed during view rendering. Explicitly configure spring.jpa.open-in-view to disable this warning
2021-05-25 23:11:19,483 INFO org.springframework.scheduling.concurrent.ExecutorConfigurationSupport [main] Initializing ExecutorService 'applicationTaskExecutor'
2021-05-25 23:11:21,334 INFO org.springframework.security.web.DefaultSecurityFilterChain [main] Will secure any request with [org.springframework.security.web.context.request.async.WebAsyncManagerIntegrationFilter@32a4ea4e, org.springframework.security.web.context.SecurityContextPersistenceFilter@6bfdaa7a, org.springframework.security.web.header.HeaderWriterFilter@186295cc, org.springframework.security.web.csrf.CsrfFilter@714c74eb, org.springframework.security.web.authentication.logout.LogoutFilter@7ee2423, org.springframework.security.web.authentication.UsernamePasswordAuthenticationFilter@1efcba00, org.springframework.security.web.authentication.ui.DefaultLoginPageGeneratingFilter@538e74fc, org.springframework.security.web.authentication.ui.DefaultLogoutPageGeneratingFilter@347b370c, org.springframework.security.web.authentication.www.BasicAuthenticationFilter@6cde0c69, org.springframework.security.web.savedrequest.RequestCacheAwareFilter@fbbd90c, org.springframework.security.web.servletapi.SecurityContextHolderAwareRequestFilter@492c9892, org.springframework.security.web.authentication.AnonymousAuthenticationFilter@26aee0a6, org.springframework.security.web.session.SessionManagementFilter@1b28cff, org.springframework.security.web.access.ExceptionTranslationFilter@7884f722, org.springframework.security.web.access.intercept.FilterSecurityInterceptor@4e5364a3]
2021-05-25 23:11:21,592 INFO org.apache.juli.logging.DirectJDKLog [main] Starting ProtocolHandler ["http-nio-8080"]
2021-05-25 23:11:21,707 INFO org.springframework.boot.web.embedded.tomcat.TomcatWebServer [main] Tomcat started on port(s): 8080 (http) with context path ''
2021-05-25 23:11:21,762 INFO org.springframework.boot.StartupInfoLogger [main] Started LibraryApplication in 14.416 seconds (JVM running for 15.302)
2021-05-25 23:16:45,825 INFO org.springframework.boot.StartupInfoLogger [main] Starting LibraryApplication using Java 1.8.0_282 on eve-VirtualBox with PID 2748 (/home/eve/Documents/workspace-spring-tool-suite-4-4.10.0.RELEASE/library/build/classes/java/main started by eve in /home/eve/Documents/workspace-spring-tool-suite-4-4.10.0.RELEASE/library)
2021-05-25 23:16:45,830 INFO org.springframework.boot.SpringApplication [main] No active profile set, falling back to default profiles: default
2021-05-25 23:16:47,064 INFO org.springframework.data.repository.config.RepositoryConfigurationDelegate [main] Bootstrapping Spring Data JPA repositories in DEFAULT mode.
2021-05-25 23:16:47,193 INFO org.springframework.data.repository.config.RepositoryConfigurationDelegate [main] Finished Spring Data repository scanning in 119 ms. Found 3 JPA repository interfaces.
2021-05-25 23:16:48,584 INFO org.springframework.boot.web.embedded.tomcat.TomcatWebServer [main] Tomcat initialized with port(s): 8080 (http)
2021-05-25 23:16:48,601 INFO org.apache.juli.logging.DirectJDKLog [main] Initializing ProtocolHandler ["http-nio-8080"]
2021-05-25 23:16:48,602 INFO org.apache.juli.logging.DirectJDKLog [main] Starting service [Tomcat]
2021-05-25 23:16:48,608 INFO org.apache.juli.logging.DirectJDKLog [main] Starting Servlet engine: [Apache Tomcat/9.0.44]
2021-05-25 23:16:48,780 INFO org.apache.juli.logging.DirectJDKLog [main] Initializing Spring embedded WebApplicationContext
2021-05-25 23:16:48,788 INFO org.springframework.boot.web.servlet.context.ServletWebServerApplicationContext [main] Root WebApplicationContext: initialization completed in 2883 ms
2021-05-25 23:16:49,320 INFO org.hibernate.jpa.internal.util.LogHelper [main] HHH000204: Processing PersistenceUnitInfo [name: default]
2021-05-25 23:16:49,389 INFO org.hibernate.Version [main] HHH000412: Hibernate ORM core version 5.4.29.Final
2021-05-25 23:16:49,692 INFO org.hibernate.annotations.common.reflection.java.JavaReflectionManager [main] HCANN000001: Hibernate Commons Annotations {5.1.2.Final}
2021-05-25 23:16:49,800 INFO com.zaxxer.hikari.HikariDataSource [main] HikariPool-1 - Starting...
2021-05-25 23:16:50,686 INFO com.zaxxer.hikari.HikariDataSource [main] HikariPool-1 - Start completed.
2021-05-25 23:16:50,712 INFO org.hibernate.dialect.Dialect [main] HHH000400: Using dialect: org.hibernate.dialect.MySQL8Dialect
2021-05-25 23:16:52,001 INFO org.hibernate.engine.transaction.jta.platform.internal.JtaPlatformInitiator [main] HHH000490: Using JtaPlatform implementation: [org.hibernate.engine.transaction.jta.platform.internal.NoJtaPlatform]
2021-05-25 23:16:52,015 INFO org.springframework.orm.jpa.AbstractEntityManagerFactoryBean [main] Initialized JPA EntityManagerFactory for persistence unit 'default'
2021-05-25 23:16:52,086 WARN org.springframework.boot.autoconfigure.orm.jpa.JpaBaseConfiguration$JpaWebConfiguration [main] spring.jpa.open-in-view is enabled by default. Therefore, database queries may be performed during view rendering. Explicitly configure spring.jpa.open-in-view to disable this warning
2021-05-25 23:16:53,499 INFO org.springframework.scheduling.concurrent.ExecutorConfigurationSupport [main] Initializing ExecutorService 'applicationTaskExecutor'
2021-05-25 23:16:54,176 INFO org.springframework.security.web.DefaultSecurityFilterChain [main] Will secure any request with [org.springframework.security.web.context.request.async.WebAsyncManagerIntegrationFilter@26aee0a6, org.springframework.security.web.context.SecurityContextPersistenceFilter@149b53fa, org.springframework.security.web.header.HeaderWriterFilter@1b28cff, org.springframework.security.web.csrf.CsrfFilter@2f0cab82, org.springframework.security.web.authentication.logout.LogoutFilter@762da62b, org.springframework.security.web.authentication.UsernamePasswordAuthenticationFilter@569a26ab, org.springframework.security.web.authentication.ui.DefaultLoginPageGeneratingFilter@6475e778, org.springframework.security.web.authentication.ui.DefaultLogoutPageGeneratingFilter@20184ade, org.springframework.security.web.authentication.www.BasicAuthenticationFilter@22361e23, org.springframework.security.web.savedrequest.RequestCacheAwareFilter@559e3f67, org.springframework.security.web.servletapi.SecurityContextHolderAwareRequestFilter@436a563f, org.springframework.security.web.authentication.AnonymousAuthenticationFilter@35fb3209, org.springframework.security.web.session.SessionManagementFilter@bfd97fb, org.springframework.security.web.access.ExceptionTranslationFilter@3b2db389, org.springframework.security.web.access.intercept.FilterSecurityInterceptor@62054faf]
2021-05-25 23:16:54,272 INFO org.apache.juli.logging.DirectJDKLog [main] Starting ProtocolHandler ["http-nio-8080"]
2021-05-25 23:16:54,339 INFO org.springframework.boot.web.embedded.tomcat.TomcatWebServer [main] Tomcat started on port(s): 8080 (http) with context path ''
2021-05-25 23:16:54,356 INFO org.springframework.boot.StartupInfoLogger [main] Started LibraryApplication in 9.101 seconds (JVM running for 9.879)
2021-05-25 23:17:23,016 INFO org.apache.juli.logging.DirectJDKLog [http-nio-8080-exec-1] Initializing Spring DispatcherServlet 'dispatcherServlet'
2021-05-25 23:17:23,018 INFO org.springframework.web.servlet.FrameworkServlet [http-nio-8080-exec-1] Initializing Servlet 'dispatcherServlet'
2021-05-25 23:17:23,019 INFO org.springframework.web.servlet.FrameworkServlet [http-nio-8080-exec-1] Completed initialization in 1 ms
2021-05-25 23:18:20,013 INFO mx.eve.library.aop.loggerAspect [http-nio-8080-exec-5] BookService.getAll << 
2021-05-25 23:18:20,601 INFO mx.eve.library.aop.loggerAspect [http-nio-8080-exec-5] BookService.getAll >> [Book(id=1, name=oliv), Book(id=2, name=Luna), Book(id=3, name=Crepusculo), Book(id=4, name=Jupiter), Book(id=5, name=Zoogar), Book(id=6, name=Amanecer), Book(id=7, name=Eclipse)]
2021-05-25 23:18:54,217 INFO mx.eve.library.aop.loggerAspect [http-nio-8080-exec-9] BookService.getAll << 
2021-05-25 23:18:54,278 INFO mx.eve.library.aop.loggerAspect [http-nio-8080-exec-9] BookService.getAll >> [Book(id=1, name=oliv), Book(id=2, name=Luna), Book(id=3, name=Crepusculo), Book(id=4, name=Jupiter), Book(id=5, name=Zoogar), Book(id=6, name=Amanecer), Book(id=7, name=Eclipse)]
2021-05-25 23:20:14,084 INFO org.springframework.scheduling.concurrent.ExecutorConfigurationSupport [SpringContextShutdownHook] Shutting down ExecutorService 'applicationTaskExecutor'
2021-05-25 23:20:14,098 INFO org.springframework.orm.jpa.AbstractEntityManagerFactoryBean [SpringContextShutdownHook] Closing JPA EntityManagerFactory for persistence unit 'default'
2021-05-25 23:20:14,140 INFO com.zaxxer.hikari.HikariDataSource [SpringContextShutdownHook] HikariPool-1 - Shutdown initiated...
2021-05-25 23:20:14,238 INFO com.zaxxer.hikari.HikariDataSource [SpringContextShutdownHook] HikariPool-1 - Shutdown completed.
2021-05-25 23:46:13,837 INFO org.springframework.boot.StartupInfoLogger [main] Starting LibraryApplication using Java 1.8.0_282 on eve-VirtualBox with PID 2647 (/home/eve/Documents/workspace-spring-tool-suite-4-4.10.0.RELEASE/library/build/classes/java/main started by eve in /home/eve/Documents/workspace-spring-tool-suite-4-4.10.0.RELEASE/library)
2021-05-25 23:46:13,839 INFO org.springframework.boot.SpringApplication [main] No active profile set, falling back to default profiles: default
2021-05-25 23:46:14,996 INFO org.springframework.data.repository.config.RepositoryConfigurationDelegate [main] Bootstrapping Spring Data JPA repositories in DEFAULT mode.
2021-05-25 23:46:15,207 INFO org.springframework.data.repository.config.RepositoryConfigurationDelegate [main] Finished Spring Data repository scanning in 187 ms. Found 3 JPA repository interfaces.
2021-05-25 23:46:16,310 INFO org.springframework.boot.web.embedded.tomcat.TomcatWebServer [main] Tomcat initialized with port(s): 8080 (http)
2021-05-25 23:46:16,322 INFO org.apache.juli.logging.DirectJDKLog [main] Initializing ProtocolHandler ["http-nio-8080"]
2021-05-25 23:46:16,324 INFO org.apache.juli.logging.DirectJDKLog [main] Starting service [Tomcat]
2021-05-25 23:46:16,327 INFO org.apache.juli.logging.DirectJDKLog [main] Starting Servlet engine: [Apache Tomcat/9.0.44]
2021-05-25 23:46:16,503 INFO org.apache.juli.logging.DirectJDKLog [main] Initializing Spring embedded WebApplicationContext
2021-05-25 23:46:16,506 INFO org.springframework.boot.web.servlet.context.ServletWebServerApplicationContext [main] Root WebApplicationContext: initialization completed in 2598 ms
2021-05-25 23:46:17,007 INFO org.hibernate.jpa.internal.util.LogHelper [main] HHH000204: Processing PersistenceUnitInfo [name: default]
2021-05-25 23:46:17,096 INFO org.hibernate.Version [main] HHH000412: Hibernate ORM core version 5.4.29.Final
2021-05-25 23:46:17,284 INFO org.hibernate.annotations.common.reflection.java.JavaReflectionManager [main] HCANN000001: Hibernate Commons Annotations {5.1.2.Final}
2021-05-25 23:46:17,424 INFO com.zaxxer.hikari.HikariDataSource [main] HikariPool-1 - Starting...
2021-05-25 23:46:18,198 INFO com.zaxxer.hikari.HikariDataSource [main] HikariPool-1 - Start completed.
2021-05-25 23:46:18,224 INFO org.hibernate.dialect.Dialect [main] HHH000400: Using dialect: org.hibernate.dialect.MySQL8Dialect
2021-05-25 23:46:19,423 INFO org.hibernate.engine.transaction.jta.platform.internal.JtaPlatformInitiator [main] HHH000490: Using JtaPlatform implementation: [org.hibernate.engine.transaction.jta.platform.internal.NoJtaPlatform]
2021-05-25 23:46:19,446 INFO org.springframework.orm.jpa.AbstractEntityManagerFactoryBean [main] Initialized JPA EntityManagerFactory for persistence unit 'default'
2021-05-25 23:46:19,551 WARN org.springframework.boot.autoconfigure.orm.jpa.JpaBaseConfiguration$JpaWebConfiguration [main] spring.jpa.open-in-view is enabled by default. Therefore, database queries may be performed during view rendering. Explicitly configure spring.jpa.open-in-view to disable this warning
2021-05-25 23:46:20,756 INFO org.springframework.scheduling.concurrent.ExecutorConfigurationSupport [main] Initializing ExecutorService 'applicationTaskExecutor'
2021-05-25 23:46:21,336 INFO org.springframework.security.web.DefaultSecurityFilterChain [main] Will secure any request with [org.springframework.security.web.context.request.async.WebAsyncManagerIntegrationFilter@6ed691fd, org.springframework.security.web.context.SecurityContextPersistenceFilter@7fcc3745, org.springframework.security.web.header.HeaderWriterFilter@5788722f, org.springframework.security.web.csrf.CsrfFilter@537b3be1, org.springframework.security.web.authentication.logout.LogoutFilter@23d0944b, org.springframework.security.web.authentication.www.BasicAuthenticationFilter@6475e778, org.springframework.security.web.savedrequest.RequestCacheAwareFilter@adc8683, org.springframework.security.web.servletapi.SecurityContextHolderAwareRequestFilter@4e85dcb2, org.springframework.security.web.authentication.AnonymousAuthenticationFilter@1efcba00, org.springframework.security.web.session.SessionManagementFilter@714c74eb, org.springframework.security.web.access.ExceptionTranslationFilter@7c69e1e1, org.springframework.security.web.access.intercept.FilterSecurityInterceptor@4e96cb04]
2021-05-25 23:46:21,391 INFO org.apache.juli.logging.DirectJDKLog [main] Starting ProtocolHandler ["http-nio-8080"]
2021-05-25 23:46:21,407 INFO org.springframework.boot.web.embedded.tomcat.TomcatWebServer [main] Tomcat started on port(s): 8080 (http) with context path ''
2021-05-25 23:46:21,418 INFO org.springframework.boot.StartupInfoLogger [main] Started LibraryApplication in 8.01 seconds (JVM running for 8.913)
2021-05-25 23:47:48,491 INFO org.apache.juli.logging.DirectJDKLog [http-nio-8080-exec-1] Initializing Spring DispatcherServlet 'dispatcherServlet'
2021-05-25 23:47:48,496 INFO org.springframework.web.servlet.FrameworkServlet [http-nio-8080-exec-1] Initializing Servlet 'dispatcherServlet'
2021-05-25 23:47:48,499 INFO org.springframework.web.servlet.FrameworkServlet [http-nio-8080-exec-1] Completed initialization in 1 ms
2021-05-25 23:48:04,456 INFO org.apache.juli.logging.DirectJDKLog [http-nio-8080-exec-3] Error parsing HTTP request header
 Note: further occurrences of HTTP request parsing errors will be logged at DEBUG level.
java.lang.IllegalArgumentException: Invalid character found in method name [0x160x030x010x020x000x010x000x010xfc0x030x030x920x900xcfq0xd20x980xdb0x150x1f0xeb0xb4]. HTTP method names must be tokens
	at org.apache.coyote.http11.Http11InputBuffer.parseRequestLine(Http11InputBuffer.java:417)
	at org.apache.coyote.http11.Http11Processor.service(Http11Processor.java:261)
	at org.apache.coyote.AbstractProcessorLight.process(AbstractProcessorLight.java:65)
	at org.apache.coyote.AbstractProtocol$ConnectionHandler.process(AbstractProtocol.java:893)
	at org.apache.tomcat.util.net.NioEndpoint$SocketProcessor.doRun(NioEndpoint.java:1707)
	at org.apache.tomcat.util.net.SocketProcessorBase.run(SocketProcessorBase.java:49)
	at java.util.concurrent.ThreadPoolExecutor.runWorker(ThreadPoolExecutor.java:1149)
	at java.util.concurrent.ThreadPoolExecutor$Worker.run(ThreadPoolExecutor.java:624)
	at org.apache.tomcat.util.threads.TaskThread$WrappingRunnable.run(TaskThread.java:61)
	at java.lang.Thread.run(Thread.java:748)
